  image.cpp
d:\github_repository\csci-5607\assignment 2 – ray tracing\src\stb_image_write.h(123): warning C4005: '_CRT_SECURE_NO_WARNINGS': macro redefinition
  d:\github_repository\csci-5607\assignment 2 – ray tracing\src\image.cpp: note: see previous definition of '_CRT_SECURE_NO_WARNINGS'
d:\github_repository\csci-5607\assignment 2 – ray tracing\src\objects.h(22): warning C4244: 'argument': conversion from 'float' to 'Component', possible loss of data
d:\github_repository\csci-5607\assignment 2 – ray tracing\src\objects.h(38): warning C4305: 'initializing': truncation from 'double' to 'float'
d:\github_repository\csci-5607\assignment 2 – ray tracing\src\objects.h(284): warning C4244: '=': conversion from 'double' to 'float', possible loss of data
d:\github_repository\csci-5607\assignment 2 – ray tracing\src\image.cpp(106): warning C4244: 'initializing': conversion from 'double' to 'float', possible loss of data
d:\github_repository\csci-5607\assignment 2 – ray tracing\src\image.cpp(109): warning C4244: 'initializing': conversion from 'double' to 'float', possible loss of data
  main.cpp
d:\github_repository\csci-5607\assignment 2 – ray tracing\src\stb_image_write.h(123): warning C4005: '_CRT_SECURE_NO_WARNINGS': macro redefinition
  d:\github_repository\csci-5607\assignment 2 – ray tracing\src\main.cpp: note: see previous definition of '_CRT_SECURE_NO_WARNINGS'
d:\github_repository\csci-5607\assignment 2 – ray tracing\src\objects.h(22): warning C4244: 'argument': conversion from 'float' to 'Component', possible loss of data
d:\github_repository\csci-5607\assignment 2 – ray tracing\src\objects.h(38): warning C4305: 'initializing': truncation from 'double' to 'float'
d:\github_repository\csci-5607\assignment 2 – ray tracing\src\objects.h(284): warning C4244: '=': conversion from 'double' to 'float', possible loss of data
d:\github_repository\csci-5607\assignment 2 – ray tracing\src\main.cpp(144): warning C4244: 'argument': conversion from 'time_t' to 'unsigned int', possible loss of data
d:\github_repository\csci-5607\assignment 2 – ray tracing\src\main.cpp(145): warning C4244: 'initializing': conversion from 'double' to 'float', possible loss of data
d:\github_repository\csci-5607\assignment 2 – ray tracing\src\main.cpp(394): warning C4477: 'printf' : format string '%s' requires an argument of type 'char *', but variadic argument 1 has type 'std::string'
d:\github_repository\csci-5607\assignment 2 – ray tracing\src\main.cpp(422): warning C4018: '<': signed/unsigned mismatch
  Objects.cpp
d:\github_repository\csci-5607\assignment 2 – ray tracing\src\objects.h(22): warning C4244: 'argument': conversion from 'float' to 'Component', possible loss of data
d:\github_repository\csci-5607\assignment 2 – ray tracing\src\objects.h(38): warning C4305: 'initializing': truncation from 'double' to 'float'
d:\github_repository\csci-5607\assignment 2 – ray tracing\src\objects.h(284): warning C4244: '=': conversion from 'double' to 'float', possible loss of data
d:\github_repository\csci-5607\assignment 2 – ray tracing\src\objects.cpp(31): warning C4244: 'argument': conversion from 'double' to 'float', possible loss of data
d:\github_repository\csci-5607\assignment 2 – ray tracing\src\objects.cpp(40): warning C4244: 'argument': conversion from 'double' to 'float', possible loss of data
d:\github_repository\csci-5607\assignment 2 – ray tracing\src\objects.cpp(47): warning C4244: 'argument': conversion from 'double' to 'float', possible loss of data
d:\github_repository\csci-5607\assignment 2 – ray tracing\src\objects.cpp(49): warning C4244: 'argument': conversion from 'double' to 'float', possible loss of data
d:\github_repository\csci-5607\assignment 2 – ray tracing\src\objects.cpp(11): warning C4101: 'nDotH': unreferenced local variable
d:\github_repository\csci-5607\assignment 2 – ray tracing\src\objects.cpp(120): warning C4244: 'argument': conversion from 'double' to 'float', possible loss of data
d:\github_repository\csci-5607\assignment 2 – ray tracing\src\objects.cpp(136): warning C4305: 'initializing': truncation from 'double' to 'float'
d:\github_repository\csci-5607\assignment 2 – ray tracing\src\objects.cpp(178): warning C4305: 'initializing': truncation from 'double' to 'float'
d:\github_repository\csci-5607\assignment 2 – ray tracing\src\objects.cpp(298): warning C4244: 'initializing': conversion from 'double' to 'float', possible loss of data
d:\github_repository\csci-5607\assignment 2 – ray tracing\src\objects.cpp(318): warning C4553: '==': result of expression not used; did you intend '='?
d:\github_repository\csci-5607\assignment 2 – ray tracing\src\objects.cpp(322): warning C4553: '==': result of expression not used; did you intend '='?
d:\github_repository\csci-5607\assignment 2 – ray tracing\src\objects.cpp(326): warning C4553: '==': result of expression not used; did you intend '='?
d:\github_repository\csci-5607\assignment 2 – ray tracing\src\objects.cpp(335): warning C4101: 'IsCounterclockwise': unreferenced local variable
d:\github_repository\csci-5607\assignment 2 – ray tracing\src\objects.cpp(407): warning C4244: 'argument': conversion from 'double' to 'float', possible loss of data
d:\github_repository\csci-5607\assignment 2 – ray tracing\src\objects.cpp(408): warning C4244: 'argument': conversion from 'double' to 'float', possible loss of data
d:\github_repository\csci-5607\assignment 2 – ray tracing\src\objects.cpp(413): warning C4244: 'argument': conversion from 'time_t' to 'unsigned int', possible loss of data
d:\github_repository\csci-5607\assignment 2 – ray tracing\src\objects.cpp(414): warning C4244: 'initializing': conversion from 'double' to 'float', possible loss of data
d:\github_repository\csci-5607\assignment 2 – ray tracing\src\objects.cpp(447): warning C4305: '=': truncation from 'double' to 'float'
d:\github_repository\csci-5607\assignment 2 – ray tracing\src\objects.cpp(456): warning C4018: '<': signed/unsigned mismatch
  pixel.cpp
d:\github_repository\csci-5607\assignment 2 – ray tracing\src\pixel.cpp(19): warning C4244: 'initializing': conversion from 'double' to 'float', possible loss of data
  rendering.cpp
d:\github_repository\csci-5607\assignment 2 – ray tracing\src\objects.h(22): warning C4244: 'argument': conversion from 'float' to 'Component', possible loss of data
d:\github_repository\csci-5607\assignment 2 – ray tracing\src\objects.h(38): warning C4305: 'initializing': truncation from 'double' to 'float'
d:\github_repository\csci-5607\assignment 2 – ray tracing\src\objects.h(284): warning C4244: '=': conversion from 'double' to 'float', possible loss of data
d:\github_repository\csci-5607\assignment 2 – ray tracing\src\stb_image_write.h(123): warning C4005: '_CRT_SECURE_NO_WARNINGS': macro redefinition
  d:\github_repository\csci-5607\assignment 2 – ray tracing\src\rendering.cpp: note: see previous definition of '_CRT_SECURE_NO_WARNINGS'
d:\github_repository\csci-5607\assignment 2 – ray tracing\src\rendering.cpp(46): warning C4305: 'initializing': truncation from 'double' to 'float'
d:\github_repository\csci-5607\assignment 2 – ray tracing\src\rendering.cpp(86): warning C4244: 'argument': conversion from 'double' to 'float', possible loss of data
  texture.cpp
d:\github_repository\csci-5607\assignment 2 – ray tracing\src\texture.cpp(4): warning C4244: 'initializing': conversion from 'double' to 'float', possible loss of data
d:\github_repository\csci-5607\assignment 2 – ray tracing\src\texture.cpp(12): warning C4244: 'initializing': conversion from 'float' to 'int', possible loss of data
d:\github_repository\csci-5607\assignment 2 – ray tracing\src\texture.cpp(13): warning C4244: 'initializing': conversion from 'double' to 'int', possible loss of data
d:\github_repository\csci-5607\assignment 2 – ray tracing\src\texture.cpp(19): warning C4244: 'initializing': conversion from 'double' to 'float', possible loss of data
d:\github_repository\csci-5607\assignment 2 – ray tracing\src\texture.cpp(20): warning C4244: 'initializing': conversion from 'double' to 'float', possible loss of data
d:\github_repository\csci-5607\assignment 2 – ray tracing\src\texture.cpp(21): warning C4244: 'initializing': conversion from 'double' to 'float', possible loss of data
d:\github_repository\csci-5607\assignment 2 – ray tracing\src\texture.cpp(29): warning C4244: '=': conversion from 'double' to 'float', possible loss of data
d:\github_repository\csci-5607\assignment 2 – ray tracing\src\texture.cpp(30): warning C4244: '=': conversion from 'double' to 'float', possible loss of data
  Vector.cpp
  Generating code
  All 758 functions were compiled because no usable IPDB/IOBJ from previous compilation was found.
  Finished generating code
  Ray Tracing.vcxproj -> D:\Github_repository\CSCI-5607\Assignment 2 – Ray Tracing\Ray Tracing\Release\Ray Tracing.exe
