d:\github_repository\csci-5607\assignment 4 – 3d games\assignment 4 – 3d games\debug\vc141.pdb
d:\github_repository\csci-5607\assignment 4 – 3d games\assignment 4 – 3d games\debug\vc141.idb
d:\github_repository\csci-5607\assignment 4 – 3d games\assignment 4 – 3d games\debug\shader.obj
d:\github_repository\csci-5607\assignment 4 – 3d games\assignment 4 – 3d games\debug\texture.obj
d:\github_repository\csci-5607\assignment 4 – 3d games\assignment 4 – 3d games\debug\skybox.obj
d:\github_repository\csci-5607\assignment 4 – 3d games\assignment 4 – 3d games\debug\model.obj
d:\github_repository\csci-5607\assignment 4 – 3d games\assignment 4 – 3d games\debug\map.obj
d:\github_repository\csci-5607\assignment 4 – 3d games\assignment 4 – 3d games\debug\light.obj
d:\github_repository\csci-5607\assignment 4 – 3d games\assignment 4 – 3d games\debug\games.obj
d:\github_repository\csci-5607\assignment 4 – 3d games\assignment 4 – 3d games\debug\camera.obj
d:\github_repository\csci-5607\assignment 4 – 3d games\assignment 4 – 3d games\debug\glad.obj
d:\github_repository\csci-5607\assignment 4 – 3d games\debug\assignment 4 – 3d games.ilk
d:\github_repository\csci-5607\assignment 4 – 3d games\debug\assignment 4 – 3d games.exe
d:\github_repository\csci-5607\assignment 4 – 3d games\debug\assignment 4 – 3d games.pdb
d:\github_repository\csci-5607\assignment 4 – 3d games\assignment 4 – 3d games\debug\assignme.ddc4ab3c.tlog\cl.command.1.tlog
d:\github_repository\csci-5607\assignment 4 – 3d games\assignment 4 – 3d games\debug\assignme.ddc4ab3c.tlog\cl.read.1.tlog
d:\github_repository\csci-5607\assignment 4 – 3d games\assignment 4 – 3d games\debug\assignme.ddc4ab3c.tlog\cl.write.1.tlog
d:\github_repository\csci-5607\assignment 4 – 3d games\assignment 4 – 3d games\debug\assignme.ddc4ab3c.tlog\link.command.1.tlog
d:\github_repository\csci-5607\assignment 4 – 3d games\assignment 4 – 3d games\debug\assignme.ddc4ab3c.tlog\link.read.1.tlog
d:\github_repository\csci-5607\assignment 4 – 3d games\assignment 4 – 3d games\debug\assignme.ddc4ab3c.tlog\link.write.1.tlog
