  image.cpp
d:\github_repository\csci-5607\assignment 2 – ray tracing\src\stb_image_write.h(123): warning C4005: '_CRT_SECURE_NO_WARNINGS': macro redefinition
  d:\github_repository\csci-5607\assignment 2 – ray tracing\src\image.cpp: note: see previous definition of '_CRT_SECURE_NO_WARNINGS'
d:\github_repository\csci-5607\assignment 2 – ray tracing\src\objects.h(19): warning C4305: 'initializing': truncation from 'double' to 'float'
d:\github_repository\csci-5607\assignment 2 – ray tracing\src\objects.h(90): warning C4244: '=': conversion from 'double' to 'float', possible loss of data
d:\github_repository\csci-5607\assignment 2 – ray tracing\src\image.cpp(99): warning C4244: 'initializing': conversion from 'double' to 'float', possible loss of data
d:\github_repository\csci-5607\assignment 2 – ray tracing\src\image.cpp(103): warning C4244: 'initializing': conversion from 'double' to 'float', possible loss of data
  main.cpp
d:\github_repository\csci-5607\assignment 2 – ray tracing\src\stb_image_write.h(123): warning C4005: '_CRT_SECURE_NO_WARNINGS': macro redefinition
  d:\github_repository\csci-5607\assignment 2 – ray tracing\src\main.cpp: note: see previous definition of '_CRT_SECURE_NO_WARNINGS'
d:\github_repository\csci-5607\assignment 2 – ray tracing\src\objects.h(19): warning C4305: 'initializing': truncation from 'double' to 'float'
d:\github_repository\csci-5607\assignment 2 – ray tracing\src\objects.h(90): warning C4244: '=': conversion from 'double' to 'float', possible loss of data
d:\github_repository\csci-5607\assignment 2 – ray tracing\src\main.cpp(96): warning C4244: '=': conversion from 'float' to 'Component', possible loss of data
d:\github_repository\csci-5607\assignment 2 – ray tracing\src\main.cpp(97): warning C4244: '=': conversion from 'float' to 'Component', possible loss of data
d:\github_repository\csci-5607\assignment 2 – ray tracing\src\main.cpp(98): warning C4244: '=': conversion from 'float' to 'Component', possible loss of data
d:\github_repository\csci-5607\assignment 2 – ray tracing\src\main.cpp(184): warning C4477: 'printf' : format string '%s' requires an argument of type 'char *', but variadic argument 1 has type 'std::string'
  Objects.cpp
d:\github_repository\csci-5607\assignment 2 – ray tracing\src\objects.h(19): warning C4305: 'initializing': truncation from 'double' to 'float'
d:\github_repository\csci-5607\assignment 2 – ray tracing\src\objects.h(90): warning C4244: '=': conversion from 'double' to 'float', possible loss of data
d:\github_repository\csci-5607\assignment 2 – ray tracing\src\objects.cpp(36): warning C4244: 'argument': conversion from 'double' to 'float', possible loss of data
d:\github_repository\csci-5607\assignment 2 – ray tracing\src\objects.cpp(37): warning C4244: 'argument': conversion from 'double' to 'float', possible loss of data
d:\github_repository\csci-5607\assignment 2 – ray tracing\src\objects.cpp(52): warning C4305: '=': truncation from 'double' to 'float'
  pixel.cpp
d:\github_repository\csci-5607\assignment 2 – ray tracing\src\pixel.cpp(19): warning C4244: 'initializing': conversion from 'double' to 'float', possible loss of data
  Vector.cpp
  Generating Code...
  Ray Tracing.vcxproj -> D:\Github_repository\CSCI-5607\Assignment 2 – Ray Tracing\Ray Tracing\Debug\Ray Tracing.exe
